Release 11.4 - xst L.68 (lin64)
Copyright (c) 1995-2009 Xilinx, Inc.  All rights reserved.
--> 
Parameter TMPDIR set to xst/projnav.tmp


Total REAL time to Xst completion: 0.00 secs
Total CPU time to Xst completion: 0.05 secs
 
--> 
Parameter xsthdpdir set to xst


Total REAL time to Xst completion: 0.00 secs
Total CPU time to Xst completion: 0.05 secs
 
--> 
Reading design: wb_encoder.prj

TABLE OF CONTENTS
  1) Synthesis Options Summary
  2) HDL Compilation
  3) Design Hierarchy Analysis
  4) HDL Analysis
  5) HDL Synthesis
     5.1) HDL Synthesis Report
  6) Advanced HDL Synthesis
     6.1) Advanced HDL Synthesis Report
  7) Low Level Synthesis
  8) Partition Report
  9) Final Report
	9.1) Device utilization summary
	9.2) Partition Resource Summary
	9.3) TIMING REPORT


=========================================================================
*                      Synthesis Options Summary                        *
=========================================================================
---- Source Parameters
Input File Name                    : "wb_encoder.prj"
Input Format                       : mixed
Ignore Synthesis Constraint File   : NO

---- Target Parameters
Output File Name                   : "wb_encoder"
Output Format                      : NGC
Target Device                      : xc5vfx70t-3-ff1136

---- Source Options
Top Module Name                    : wb_encoder
Automatic FSM Extraction           : YES
FSM Encoding Algorithm             : Auto
Safe Implementation                : No
FSM Style                          : lut
RAM Extraction                     : Yes
RAM Style                          : Auto
ROM Extraction                     : Yes
Mux Style                          : Auto
Decoder Extraction                 : YES
Priority Encoder Extraction        : YES
Shift Register Extraction          : YES
Logical Shifter Extraction         : YES
XOR Collapsing                     : YES
ROM Style                          : Auto
Mux Extraction                     : YES
Resource Sharing                   : YES
Asynchronous To Synchronous        : NO
Use DSP Block                      : auto
Automatic Register Balancing       : No

---- Target Options
LUT Combining                      : off
Reduce Control Sets                : off
Add IO Buffers                     : YES
Global Maximum Fanout              : 100000
Add Generic Clock Buffer(BUFG)     : 32
Register Duplication               : YES
Slice Packing                      : YES
Optimize Instantiated Primitives   : NO
Use Clock Enable                   : Auto
Use Synchronous Set                : Auto
Use Synchronous Reset              : Auto
Pack IO Registers into IOBs        : auto
Equivalent register Removal        : YES

---- General Options
Optimization Goal                  : Speed
Optimization Effort                : 1
Power Reduction                    : NO
Library Search Order               : wb_encoder.lso
Keep Hierarchy                     : NO
Netlist Hierarchy                  : as_optimized
RTL Output                         : Yes
Global Optimization                : AllClockNets
Read Cores                         : YES
Write Timing Constraints           : NO
Cross Clock Analysis               : NO
Hierarchy Separator                : /
Bus Delimiter                      : <>
Case Specifier                     : maintain
Slice Utilization Ratio            : 100
BRAM Utilization Ratio             : 100
DSP48 Utilization Ratio            : 100
Verilog 2001                       : YES
Auto BRAM Packing                  : NO
Slice Utilization Ratio Delta      : 5

=========================================================================


=========================================================================
*                          HDL Compilation                              *
=========================================================================
Compiling vhdl file "/home/aalonso/workspace/alligator-hdl/wb_encoder/wb_encoder.vhd" in Library work.
Architecture behavioral of Entity wb_encoder is up to date.

=========================================================================
*                     Design Hierarchy Analysis                         *
=========================================================================
Analyzing hierarchy for entity <wb_encoder> in library <work> (architecture <behavioral>) with generics.
	C_WB_WIDTH = 32


=========================================================================
*                            HDL Analysis                               *
=========================================================================
Analyzing generic Entity <wb_encoder> in library <work> (Architecture <behavioral>).
	C_WB_WIDTH = 32
WARNING:Xst:819 - "/home/aalonso/workspace/alligator-hdl/wb_encoder/wb_encoder.vhd" line 112: One or more signals are missing in the process sensitivity list. To enable synthesis of FPGA/CPLD hardware, XST will assume that all necessary signals are present in the sensitivity list. Please note that the result of the synthesis may differ from the initial design specification. The missing signals are:
   <wb_creg>
INFO:Xst:2679 - Register <wb_creg> in unit <wb_encoder> has a constant value of 00000000000000000000000000000000 during circuit operation. The register is replaced by logic.
INFO:Xst:2679 - Register <wb_dreg> in unit <wb_encoder> has a constant value of 00000000000000000000000000000000 during circuit operation. The register is replaced by logic.
INFO:Xst:2679 - Register <wb_creg<1>> in unit <wb_encoder> has a constant value of 0 during circuit operation. The register is replaced by logic.
Entity <wb_encoder> analyzed. Unit <wb_encoder> generated.


=========================================================================
*                           HDL Synthesis                               *
=========================================================================

Performing bidirectional port resolution...
INFO:Xst:2679 - Register <wb_data_r> in unit <wb_encoder> has a constant value of 00000000000000000000000000000000 during circuit operation. The register is replaced by logic.

Synthesizing Unit <wb_encoder>.
    Related source file is "/home/aalonso/workspace/alligator-hdl/wb_encoder/wb_encoder.vhd".
    Register <wb_irq_out> equivalent to <wb_creg<2>> has been removed
    Found 32-bit register for signal <wb_data_r>.
    Found 1-bit register for signal <wb_ack_out>.
    Found 1-bit register for signal <irq>.
    Found 1-bit register for signal <irq_reg>.
    Found 1-bit register for signal <wb_creg<2>>.
    Found 1-bit xor2 for signal <wb_creg_2$xor0000> created at line 121.
    Summary:
	inferred  36 D-type flip-flop(s).
Unit <wb_encoder> synthesized.


=========================================================================
HDL Synthesis Report

Macro Statistics
# Registers                                            : 5
 1-bit register                                        : 4
 32-bit register                                       : 1
# Xors                                                 : 1
 1-bit xor2                                            : 1

=========================================================================

=========================================================================
*                       Advanced HDL Synthesis                          *
=========================================================================

WARNING:Xst:1710 - FF/Latch <wb_data_r_0> (without init value) has a constant value of 0 in block <wb_encoder>. This FF/Latch will be trimmed during the optimization process.
WARNING:Xst:1895 - Due to other FF/Latch trimming, FF/Latch <wb_data_r_1> (without init value) has a constant value of 0 in block <wb_encoder>. This FF/Latch will be trimmed during the optimization process.
WARNING:Xst:1895 - Due to other FF/Latch trimming, FF/Latch <wb_data_r_3> (without init value) has a constant value of 0 in block <wb_encoder>. This FF/Latch will be trimmed during the optimization process.
WARNING:Xst:1895 - Due to other FF/Latch trimming, FF/Latch <wb_data_r_4> (without init value) has a constant value of 0 in block <wb_encoder>. This FF/Latch will be trimmed during the optimization process.
WARNING:Xst:1895 - Due to other FF/Latch trimming, FF/Latch <wb_data_r_5> (without init value) has a constant value of 0 in block <wb_encoder>. This FF/Latch will be trimmed during the optimization process.
WARNING:Xst:1895 - Due to other FF/Latch trimming, FF/Latch <wb_data_r_6> (without init value) has a constant value of 0 in block <wb_encoder>. This FF/Latch will be trimmed during the optimization process.
WARNING:Xst:1895 - Due to other FF/Latch trimming, FF/Latch <wb_data_r_7> (without init value) has a constant value of 0 in block <wb_encoder>. This FF/Latch will be trimmed during the optimization process.
WARNING:Xst:1895 - Due to other FF/Latch trimming, FF/Latch <wb_data_r_8> (without init value) has a constant value of 0 in block <wb_encoder>. This FF/Latch will be trimmed during the optimization process.
WARNING:Xst:1895 - Due to other FF/Latch trimming, FF/Latch <wb_data_r_9> (without init value) has a constant value of 0 in block <wb_encoder>. This FF/Latch will be trimmed during the optimization process.
WARNING:Xst:1895 - Due to other FF/Latch trimming, FF/Latch <wb_data_r_10> (without init value) has a constant value of 0 in block <wb_encoder>. This FF/Latch will be trimmed during the optimization process.
WARNING:Xst:1895 - Due to other FF/Latch trimming, FF/Latch <wb_data_r_11> (without init value) has a constant value of 0 in block <wb_encoder>. This FF/Latch will be trimmed during the optimization process.
WARNING:Xst:1895 - Due to other FF/Latch trimming, FF/Latch <wb_data_r_12> (without init value) has a constant value of 0 in block <wb_encoder>. This FF/Latch will be trimmed during the optimization process.
WARNING:Xst:1895 - Due to other FF/Latch trimming, FF/Latch <wb_data_r_13> (without init value) has a constant value of 0 in block <wb_encoder>. This FF/Latch will be trimmed during the optimization process.
WARNING:Xst:1895 - Due to other FF/Latch trimming, FF/Latch <wb_data_r_14> (without init value) has a constant value of 0 in block <wb_encoder>. This FF/Latch will be trimmed during the optimization process.
WARNING:Xst:1895 - Due to other FF/Latch trimming, FF/Latch <wb_data_r_15> (without init value) has a constant value of 0 in block <wb_encoder>. This FF/Latch will be trimmed during the optimization process.
WARNING:Xst:1895 - Due to other FF/Latch trimming, FF/Latch <wb_data_r_16> (without init value) has a constant value of 0 in block <wb_encoder>. This FF/Latch will be trimmed during the optimization process.
WARNING:Xst:1895 - Due to other FF/Latch trimming, FF/Latch <wb_creg_2> (without init value) has a constant value of 0 in block <wb_encoder>. This FF/Latch will be trimmed during the optimization process.
WARNING:Xst:1895 - Due to other FF/Latch trimming, FF/Latch <irq_reg> (without init value) has a constant value of 0 in block <wb_encoder>. This FF/Latch will be trimmed during the optimization process.
WARNING:Xst:1895 - Due to other FF/Latch trimming, FF/Latch <wb_data_r_31> (without init value) has a constant value of 0 in block <wb_encoder>. This FF/Latch will be trimmed during the optimization process.
WARNING:Xst:1895 - Due to other FF/Latch trimming, FF/Latch <wb_data_r_30> (without init value) has a constant value of 0 in block <wb_encoder>. This FF/Latch will be trimmed during the optimization process.
WARNING:Xst:1895 - Due to other FF/Latch trimming, FF/Latch <wb_data_r_29> (without init value) has a constant value of 0 in block <wb_encoder>. This FF/Latch will be trimmed during the optimization process.
WARNING:Xst:1895 - Due to other FF/Latch trimming, FF/Latch <wb_data_r_28> (without init value) has a constant value of 0 in block <wb_encoder>. This FF/Latch will be trimmed during the optimization process.
WARNING:Xst:1895 - Due to other FF/Latch trimming, FF/Latch <wb_data_r_27> (without init value) has a constant value of 0 in block <wb_encoder>. This FF/Latch will be trimmed during the optimization process.
WARNING:Xst:1895 - Due to other FF/Latch trimming, FF/Latch <wb_data_r_26> (without init value) has a constant value of 0 in block <wb_encoder>. This FF/Latch will be trimmed during the optimization process.
WARNING:Xst:1895 - Due to other FF/Latch trimming, FF/Latch <wb_data_r_25> (without init value) has a constant value of 0 in block <wb_encoder>. This FF/Latch will be trimmed during the optimization process.
WARNING:Xst:1895 - Due to other FF/Latch trimming, FF/Latch <wb_data_r_24> (without init value) has a constant value of 0 in block <wb_encoder>. This FF/Latch will be trimmed during the optimization process.
WARNING:Xst:1895 - Due to other FF/Latch trimming, FF/Latch <wb_data_r_23> (without init value) has a constant value of 0 in block <wb_encoder>. This FF/Latch will be trimmed during the optimization process.
WARNING:Xst:1895 - Due to other FF/Latch trimming, FF/Latch <wb_data_r_22> (without init value) has a constant value of 0 in block <wb_encoder>. This FF/Latch will be trimmed during the optimization process.
WARNING:Xst:1895 - Due to other FF/Latch trimming, FF/Latch <wb_data_r_21> (without init value) has a constant value of 0 in block <wb_encoder>. This FF/Latch will be trimmed during the optimization process.
WARNING:Xst:1895 - Due to other FF/Latch trimming, FF/Latch <wb_data_r_20> (without init value) has a constant value of 0 in block <wb_encoder>. This FF/Latch will be trimmed during the optimization process.
WARNING:Xst:1895 - Due to other FF/Latch trimming, FF/Latch <wb_data_r_19> (without init value) has a constant value of 0 in block <wb_encoder>. This FF/Latch will be trimmed during the optimization process.
WARNING:Xst:1895 - Due to other FF/Latch trimming, FF/Latch <wb_data_r_18> (without init value) has a constant value of 0 in block <wb_encoder>. This FF/Latch will be trimmed during the optimization process.
WARNING:Xst:1895 - Due to other FF/Latch trimming, FF/Latch <wb_data_r_17> (without init value) has a constant value of 0 in block <wb_encoder>. This FF/Latch will be trimmed during the optimization process.
WARNING:Xst:1898 - Due to constant pushing, FF/Latch <irq> is unconnected in block <wb_encoder>.

=========================================================================
Advanced HDL Synthesis Report

Macro Statistics
# Registers                                            : 36
 Flip-Flops                                            : 36
# Xors                                                 : 1
 1-bit xor2                                            : 1

=========================================================================

=========================================================================
*                         Low Level Synthesis                           *
=========================================================================
WARNING:Xst:1710 - FF/Latch <wb_creg_2> (without init value) has a constant value of 0 in block <wb_encoder>. This FF/Latch will be trimmed during the optimization process.
WARNING:Xst:1895 - Due to other FF/Latch trimming, FF/Latch <wb_data_r_0> (without init value) has a constant value of 0 in block <wb_encoder>. This FF/Latch will be trimmed during the optimization process.
WARNING:Xst:1895 - Due to other FF/Latch trimming, FF/Latch <wb_data_r_1> (without init value) has a constant value of 0 in block <wb_encoder>. This FF/Latch will be trimmed during the optimization process.
WARNING:Xst:1895 - Due to other FF/Latch trimming, FF/Latch <wb_data_r_3> (without init value) has a constant value of 0 in block <wb_encoder>. This FF/Latch will be trimmed during the optimization process.
WARNING:Xst:1895 - Due to other FF/Latch trimming, FF/Latch <wb_data_r_4> (without init value) has a constant value of 0 in block <wb_encoder>. This FF/Latch will be trimmed during the optimization process.
WARNING:Xst:1895 - Due to other FF/Latch trimming, FF/Latch <wb_data_r_5> (without init value) has a constant value of 0 in block <wb_encoder>. This FF/Latch will be trimmed during the optimization process.
WARNING:Xst:1895 - Due to other FF/Latch trimming, FF/Latch <wb_data_r_6> (without init value) has a constant value of 0 in block <wb_encoder>. This FF/Latch will be trimmed during the optimization process.
WARNING:Xst:1895 - Due to other FF/Latch trimming, FF/Latch <wb_data_r_7> (without init value) has a constant value of 0 in block <wb_encoder>. This FF/Latch will be trimmed during the optimization process.
WARNING:Xst:1895 - Due to other FF/Latch trimming, FF/Latch <wb_data_r_8> (without init value) has a constant value of 0 in block <wb_encoder>. This FF/Latch will be trimmed during the optimization process.
WARNING:Xst:1895 - Due to other FF/Latch trimming, FF/Latch <wb_data_r_9> (without init value) has a constant value of 0 in block <wb_encoder>. This FF/Latch will be trimmed during the optimization process.
WARNING:Xst:1895 - Due to other FF/Latch trimming, FF/Latch <wb_data_r_10> (without init value) has a constant value of 0 in block <wb_encoder>. This FF/Latch will be trimmed during the optimization process.
WARNING:Xst:1895 - Due to other FF/Latch trimming, FF/Latch <wb_data_r_11> (without init value) has a constant value of 0 in block <wb_encoder>. This FF/Latch will be trimmed during the optimization process.
WARNING:Xst:1895 - Due to other FF/Latch trimming, FF/Latch <wb_data_r_12> (without init value) has a constant value of 0 in block <wb_encoder>. This FF/Latch will be trimmed during the optimization process.
WARNING:Xst:1895 - Due to other FF/Latch trimming, FF/Latch <wb_data_r_13> (without init value) has a constant value of 0 in block <wb_encoder>. This FF/Latch will be trimmed during the optimization process.
WARNING:Xst:1895 - Due to other FF/Latch trimming, FF/Latch <wb_data_r_14> (without init value) has a constant value of 0 in block <wb_encoder>. This FF/Latch will be trimmed during the optimization process.
WARNING:Xst:1895 - Due to other FF/Latch trimming, FF/Latch <wb_data_r_15> (without init value) has a constant value of 0 in block <wb_encoder>. This FF/Latch will be trimmed during the optimization process.
WARNING:Xst:1895 - Due to other FF/Latch trimming, FF/Latch <irq_reg> (without init value) has a constant value of 0 in block <wb_encoder>. This FF/Latch will be trimmed during the optimization process.
WARNING:Xst:1895 - Due to other FF/Latch trimming, FF/Latch <wb_data_r_31> (without init value) has a constant value of 0 in block <wb_encoder>. This FF/Latch will be trimmed during the optimization process.
WARNING:Xst:1895 - Due to other FF/Latch trimming, FF/Latch <wb_data_r_30> (without init value) has a constant value of 0 in block <wb_encoder>. This FF/Latch will be trimmed during the optimization process.
WARNING:Xst:1895 - Due to other FF/Latch trimming, FF/Latch <wb_data_r_29> (without init value) has a constant value of 0 in block <wb_encoder>. This FF/Latch will be trimmed during the optimization process.
WARNING:Xst:1895 - Due to other FF/Latch trimming, FF/Latch <wb_data_r_28> (without init value) has a constant value of 0 in block <wb_encoder>. This FF/Latch will be trimmed during the optimization process.
WARNING:Xst:1895 - Due to other FF/Latch trimming, FF/Latch <wb_data_r_27> (without init value) has a constant value of 0 in block <wb_encoder>. This FF/Latch will be trimmed during the optimization process.
WARNING:Xst:1895 - Due to other FF/Latch trimming, FF/Latch <wb_data_r_26> (without init value) has a constant value of 0 in block <wb_encoder>. This FF/Latch will be trimmed during the optimization process.
WARNING:Xst:1895 - Due to other FF/Latch trimming, FF/Latch <wb_data_r_25> (without init value) has a constant value of 0 in block <wb_encoder>. This FF/Latch will be trimmed during the optimization process.
WARNING:Xst:1895 - Due to other FF/Latch trimming, FF/Latch <wb_data_r_24> (without init value) has a constant value of 0 in block <wb_encoder>. This FF/Latch will be trimmed during the optimization process.
WARNING:Xst:1895 - Due to other FF/Latch trimming, FF/Latch <wb_data_r_23> (without init value) has a constant value of 0 in block <wb_encoder>. This FF/Latch will be trimmed during the optimization process.
WARNING:Xst:1895 - Due to other FF/Latch trimming, FF/Latch <wb_data_r_22> (without init value) has a constant value of 0 in block <wb_encoder>. This FF/Latch will be trimmed during the optimization process.
WARNING:Xst:1895 - Due to other FF/Latch trimming, FF/Latch <wb_data_r_21> (without init value) has a constant value of 0 in block <wb_encoder>. This FF/Latch will be trimmed during the optimization process.
WARNING:Xst:1895 - Due to other FF/Latch trimming, FF/Latch <wb_data_r_20> (without init value) has a constant value of 0 in block <wb_encoder>. This FF/Latch will be trimmed during the optimization process.
WARNING:Xst:1895 - Due to other FF/Latch trimming, FF/Latch <wb_data_r_19> (without init value) has a constant value of 0 in block <wb_encoder>. This FF/Latch will be trimmed during the optimization process.
WARNING:Xst:1895 - Due to other FF/Latch trimming, FF/Latch <wb_data_r_18> (without init value) has a constant value of 0 in block <wb_encoder>. This FF/Latch will be trimmed during the optimization process.
WARNING:Xst:1895 - Due to other FF/Latch trimming, FF/Latch <wb_data_r_17> (without init value) has a constant value of 0 in block <wb_encoder>. This FF/Latch will be trimmed during the optimization process.
WARNING:Xst:1895 - Due to other FF/Latch trimming, FF/Latch <wb_data_r_16> (without init value) has a constant value of 0 in block <wb_encoder>. This FF/Latch will be trimmed during the optimization process.
WARNING:Xst:1898 - Due to constant pushing, FF/Latch <irq> is unconnected in block <wb_encoder>.

ERROR:Xst:528 - Multi-source in Unit <wb_encoder> on signal <wb_creg<2>>; this signal is connected to multiple drivers.
Drivers are: 
   Signal <N0> in Unit <wb_encoder> is assigned to GND
   Signal <wb_data_r<31>> in Unit <wb_encoder> is assigned to GND
   Signal <wb_data_r<30>> in Unit <wb_encoder> is assigned to GND
   Signal <wb_data_r<29>> in Unit <wb_encoder> is assigned to GND
   Signal <wb_data_r<28>> in Unit <wb_encoder> is assigned to GND
   Signal <wb_data_r<27>> in Unit <wb_encoder> is assigned to GND
   Signal <wb_data_r<26>> in Unit <wb_encoder> is assigned to GND
   Signal <wb_data_r<25>> in Unit <wb_encoder> is assigned to GND
   Signal <wb_data_r<24>> in Unit <wb_encoder> is assigned to GND
   Signal <wb_data_r<23>> in Unit <wb_encoder> is assigned to GND
   Signal <wb_data_r<22>> in Unit <wb_encoder> is assigned to GND
   Signal <wb_data_r<21>> in Unit <wb_encoder> is assigned to GND
   Signal <wb_data_r<20>> in Unit <wb_encoder> is assigned to GND
   Signal <wb_data_r<19>> in Unit <wb_encoder> is assigned to GND
   Signal <wb_data_r<18>> in Unit <wb_encoder> is assigned to GND
   Signal <wb_data_r<17>> in Unit <wb_encoder> is assigned to GND
   Signal <wb_data_r<16>> in Unit <wb_encoder> is assigned to GND
   Signal <wb_data_r<15>> in Unit <wb_encoder> is assigned to GND
   Signal <wb_data_r<14>> in Unit <wb_encoder> is assigned to GND
   Signal <wb_data_r<13>> in Unit <wb_encoder> is assigned to GND
   Signal <wb_data_r<12>> in Unit <wb_encoder> is assigned to GND
   Signal <wb_data_r<11>> in Unit <wb_encoder> is assigned to GND
   Signal <wb_data_r<10>> in Unit <wb_encoder> is assigned to GND
   Signal <wb_data_r<9>> in Unit <wb_encoder> is assigned to GND
   Signal <wb_data_r<8>> in Unit <wb_encoder> is assigned to GND
   Signal <wb_data_r<7>> in Unit <wb_encoder> is assigned to GND
   Signal <wb_data_r<6>> in Unit <wb_encoder> is assigned to GND
   Signal <wb_data_r<5>> in Unit <wb_encoder> is assigned to GND
   Signal <wb_data_r<4>> in Unit <wb_encoder> is assigned to GND
   Signal <wb_data_r<3>> in Unit <wb_encoder> is assigned to GND
   Signal <wb_data_r<1>> in Unit <wb_encoder> is assigned to GND
   Signal <wb_data_r<0>> in Unit <wb_encoder> is assigned to GND
   Signal <wb_creg<2>> in Unit <wb_encoder> is assigned to GND

ERROR:Xst:528 - Multi-source in Unit <wb_encoder> on signal <wb_data_r<2>>; this signal is connected to multiple drivers.
Drivers are: 
   Output signal of FDE instance <wb_data_r_2>
   Signal <wb_data_r<2>> in Unit <wb_encoder> is assigned to GND


Total REAL time to Xst completion: 4.00 secs
Total CPU time to Xst completion: 3.93 secs
 
--> 


Total memory usage is 454120 kilobytes

Number of errors   :    2 (   0 filtered)
Number of warnings :   69 (   0 filtered)
Number of infos    :    4 (   0 filtered)

