Release 11.4 Map L.68 (lin64)
Xilinx Mapping Report File for Design 'wb_encoder'

Design Information
------------------
Command Line   : map -ise wb_encoder.ise -intstyle ise -p xc5vfx70t-ff1136-3 -w
-logic_opt off -ol high -t 1 -register_duplication off -global_opt off -mt off
-cm area -ir off -pr off -lc off -power off -o wb_encoder_map.ncd wb_encoder.ngd
wb_encoder.pcf 
Target Device  : xc5vfx70t
Target Package : ff1136
Target Speed   : -3
Mapper Version : virtex5 -- $Revision: 1.51.18.1 $
Mapped Date    : Wed Apr 28 16:07:35 2010

Design Summary
--------------
Number of errors   :   1
Number of warnings :   0

Section 1 - Errors
------------------
ERROR:Security:8 - A feature for ISE was found but is expired.
ERROR:Security:9 - No 'ISE' feature was available for part 'xc5vfx70t'.
ERROR:Security:12 - No 'xc5vfx70t' feature was available (-5).
ERROR:Map:258 - A problem was encountered attempting to get the license for this
   architecture. 

Section 2 - Warnings
--------------------

Section 3 - Informational
-------------------------
INFO:Security:67 - XILINXD_LICENSE_FILE is set to
'/opt/Xilinx/11.4/EDK/data/core_licenses' in /home/aalonso/.flexlmrc.
INFO:Security:56 - Part 'xc5vfx70t' is not a WebPack part.
INFO:Security:68 - Please run the Xilinx License Configuration Manager
